[03/Apr/2013:15:16:50] HTTP 
Request Headers:
  REFERER: http://127.0.0.1:8080/
  HOST: 127.0.0.1:8080
  CONNECTION: keep-alive
  Remote-Addr: 127.0.0.1
  ACCEPT: text/html,application/xhtml+xml,application/xml;q=0.9,*/*;q=0.8
  USER-AGENT: Mozilla/5.0 (Windows NT 6.1; WOW64; rv:19.0) Gecko/20100101 Firefox/19.0
  ACCEPT-LANGUAGE: en-gb,en;q=0.5
  DNT: 1
  ACCEPT-ENCODING: gzip, deflate
[03/Apr/2013:15:16:50] HTTP Traceback (most recent call last):
  File "C:\Python27\lib\site-packages\cherrypy\_cprequest.py", line 656, in respond
    response.body = self.handler()
  File "C:\Python27\lib\site-packages\cherrypy\_cpdispatch.py", line 34, in __call__
    return self.callable(*self.args, **self.kwargs)
  File "C:\Users\LAB314\Desktop\Dropbox\College\Web Development and Cloud\Assignment3\dash.py", line 76, in index
    return self.GET(playerTag)
  File "C:\Users\LAB314\Desktop\Dropbox\College\Web Development and Cloud\Assignment3\dash.py", line 70, in GET
    return template.render({'playerTagHeader': playerTag.GetPlayerTag(),
AttributeError: 'NoneType' object has no attribute 'GetPlayerTag'

[03/Apr/2013:15:18:10] HTTP 
Request Headers:
  REFERER: http://127.0.0.1:8080/
  HOST: 127.0.0.1:8080
  CONNECTION: keep-alive
  Remote-Addr: 127.0.0.1
  ACCEPT: text/html,application/xhtml+xml,application/xml;q=0.9,*/*;q=0.8
  USER-AGENT: Mozilla/5.0 (Windows NT 6.1; WOW64; rv:19.0) Gecko/20100101 Firefox/19.0
  ACCEPT-LANGUAGE: en-gb,en;q=0.5
  DNT: 1
  ACCEPT-ENCODING: gzip, deflate
[03/Apr/2013:15:18:10] HTTP Traceback (most recent call last):
  File "C:\Python27\lib\site-packages\cherrypy\_cprequest.py", line 656, in respond
    response.body = self.handler()
  File "C:\Python27\lib\site-packages\cherrypy\_cpdispatch.py", line 34, in __call__
    return self.callable(*self.args, **self.kwargs)
  File "C:\Users\LAB314\Desktop\Dropbox\College\Web Development and Cloud\Assignment3\dash.py", line 77, in index
    return self.GET(playerTag)
  File "C:\Users\LAB314\Desktop\Dropbox\College\Web Development and Cloud\Assignment3\dash.py", line 70, in GET
    return template.render({'playerTagHeader': playerTag.GetPlayerTag(),
AttributeError: 'NoneType' object has no attribute 'GetPlayerTag'

[03/Apr/2013:15:22:38] HTTP 
Request Headers:
  REFERER: http://127.0.0.1:8080/
  HOST: 127.0.0.1:8080
  CONNECTION: keep-alive
  Remote-Addr: 127.0.0.1
  ACCEPT: text/html,application/xhtml+xml,application/xml;q=0.9,*/*;q=0.8
  USER-AGENT: Mozilla/5.0 (Windows NT 6.1; WOW64; rv:19.0) Gecko/20100101 Firefox/19.0
  ACCEPT-LANGUAGE: en-gb,en;q=0.5
  DNT: 1
  ACCEPT-ENCODING: gzip, deflate
[03/Apr/2013:15:22:38] HTTP Traceback (most recent call last):
  File "C:\Python27\lib\site-packages\cherrypy\_cprequest.py", line 656, in respond
    response.body = self.handler()
  File "C:\Python27\lib\site-packages\cherrypy\_cpdispatch.py", line 34, in __call__
    return self.callable(*self.args, **self.kwargs)
  File "C:\Users\LAB314\Desktop\Dropbox\College\Web Development and Cloud\Assignment3\dash.py", line 77, in index
    return self.GET(playerTag)
  File "C:\Users\LAB314\Desktop\Dropbox\College\Web Development and Cloud\Assignment3\dash.py", line 70, in GET
    return template.render({'playerTagHeader': playerTag.GetPlayerTag(),
AttributeError: 'NoneType' object has no attribute 'GetPlayerTag'

[03/Apr/2013:15:28:53] HTTP 
Request Headers:
  REFERER: http://127.0.0.1:8080/
  HOST: 127.0.0.1:8080
  CONNECTION: keep-alive
  Remote-Addr: 127.0.0.1
  ACCEPT: text/html,application/xhtml+xml,application/xml;q=0.9,*/*;q=0.8
  USER-AGENT: Mozilla/5.0 (Windows NT 6.1; WOW64; rv:19.0) Gecko/20100101 Firefox/19.0
  ACCEPT-LANGUAGE: en-gb,en;q=0.5
  DNT: 1
  ACCEPT-ENCODING: gzip, deflate
[03/Apr/2013:15:28:53] HTTP Traceback (most recent call last):
  File "C:\Python27\lib\site-packages\cherrypy\_cprequest.py", line 656, in respond
    response.body = self.handler()
  File "C:\Python27\lib\site-packages\cherrypy\_cpdispatch.py", line 34, in __call__
    return self.callable(*self.args, **self.kwargs)
  File "C:\Users\LAB314\Desktop\Dropbox\College\Web Development and Cloud\Assignment3\dash.py", line 81, in index
    return self.GET(playerTag)
  File "C:\Users\LAB314\Desktop\Dropbox\College\Web Development and Cloud\Assignment3\dash.py", line 74, in GET
    return template.render({'playerTagHeader': playerTag.GetPlayerTag(),
AttributeError: 'NoneType' object has no attribute 'GetPlayerTag'

[03/Apr/2013:15:42:02] HTTP 
Request Headers:
  REFERER: http://127.0.0.1:8080/
  HOST: 127.0.0.1:8080
  CONNECTION: keep-alive
  Remote-Addr: 127.0.0.1
  ACCEPT: text/html,application/xhtml+xml,application/xml;q=0.9,*/*;q=0.8
  USER-AGENT: Mozilla/5.0 (Windows NT 6.1; WOW64; rv:19.0) Gecko/20100101 Firefox/19.0
  ACCEPT-LANGUAGE: en-gb,en;q=0.5
  DNT: 1
  ACCEPT-ENCODING: gzip, deflate
[03/Apr/2013:15:42:02] HTTP Traceback (most recent call last):
  File "C:\Python27\lib\site-packages\cherrypy\_cprequest.py", line 661, in respond
    response.finalize()
  File "C:\Python27\lib\site-packages\cherrypy\_cprequest.py", line 927, in finalize
    content = self.collapse_body()
  File "C:\Python27\lib\site-packages\cherrypy\_cprequest.py", line 894, in collapse_body
    newbody = ntob('').join(newbody)
TypeError: sequence item 0: expected string, list found

[03/Apr/2013:15:53:47] HTTP 
Request Headers:
  REFERER: http://127.0.0.1:8080/
  HOST: 127.0.0.1:8080
  CONNECTION: keep-alive
  Remote-Addr: 127.0.0.1
  ACCEPT: text/html,application/xhtml+xml,application/xml;q=0.9,*/*;q=0.8
  USER-AGENT: Mozilla/5.0 (Windows NT 6.1; WOW64; rv:19.0) Gecko/20100101 Firefox/19.0
  ACCEPT-LANGUAGE: en-gb,en;q=0.5
  DNT: 1
  ACCEPT-ENCODING: gzip, deflate
[03/Apr/2013:15:53:47] HTTP Traceback (most recent call last):
  File "C:\Python27\lib\site-packages\cherrypy\_cprequest.py", line 656, in respond
    response.body = self.handler()
  File "C:\Python27\lib\site-packages\cherrypy\_cpdispatch.py", line 34, in __call__
    return self.callable(*self.args, **self.kwargs)
  File "C:\Users\LAB314\Desktop\Dropbox\College\Web Development and Cloud\Assignment3\dash.py", line 81, in index
    return template.render({'playerTagHeader': playerNameself.dash.playerTag ,
NameError: global name 'playerNameself' is not defined

[03/Apr/2013:16:08:02] HTTP 
Request Headers:
  REFERER: http://127.0.0.1:8080/
  HOST: 127.0.0.1:8080
  CONNECTION: keep-alive
  Remote-Addr: 127.0.0.1
  ACCEPT: text/html,application/xhtml+xml,application/xml;q=0.9,*/*;q=0.8
  USER-AGENT: Mozilla/5.0 (Windows NT 6.1; WOW64; rv:19.0) Gecko/20100101 Firefox/19.0
  ACCEPT-LANGUAGE: en-gb,en;q=0.5
  DNT: 1
  ACCEPT-ENCODING: gzip, deflate
[03/Apr/2013:16:08:02] HTTP Traceback (most recent call last):
  File "C:\Python27\lib\site-packages\cherrypy\_cprequest.py", line 656, in respond
    response.body = self.handler()
  File "C:\Python27\lib\site-packages\cherrypy\_cpdispatch.py", line 34, in __call__
    return self.callable(*self.args, **self.kwargs)
  File "C:\Users\LAB314\Desktop\Dropbox\College\Web Development and Cloud\Assignment3\dash.py", line 82, in index
    return template.render({'playerTagHeader': self.PlayerTag.GetPlayerTag(),
NameError: global name 'template' is not defined

[03/Apr/2013:16:08:24] HTTP 
Request Headers:
  REFERER: http://127.0.0.1:8080/
  HOST: 127.0.0.1:8080
  CONNECTION: keep-alive
  Remote-Addr: 127.0.0.1
  ACCEPT: text/html,application/xhtml+xml,application/xml;q=0.9,*/*;q=0.8
  USER-AGENT: Mozilla/5.0 (Windows NT 6.1; WOW64; rv:19.0) Gecko/20100101 Firefox/19.0
  ACCEPT-LANGUAGE: en-gb,en;q=0.5
  DNT: 1
  ACCEPT-ENCODING: gzip, deflate
[03/Apr/2013:16:08:24] HTTP Traceback (most recent call last):
  File "C:\Python27\lib\site-packages\cherrypy\_cprequest.py", line 656, in respond
    response.body = self.handler()
  File "C:\Python27\lib\site-packages\cherrypy\_cpdispatch.py", line 34, in __call__
    return self.callable(*self.args, **self.kwargs)
  File "C:\Users\LAB314\Desktop\Dropbox\College\Web Development and Cloud\Assignment3\dash.py", line 82, in index
    return {'playerTagHeader': self.PlayerTag.GetPlayerTag(),
AttributeError: 'NoneType' object has no attribute 'GetPlayerTag'

[03/Apr/2013:16:11:03] HTTP 
Request Headers:
  REFERER: http://127.0.0.1:8080/
  HOST: 127.0.0.1:8080
  CONNECTION: keep-alive
  Remote-Addr: 127.0.0.1
  ACCEPT: text/html,application/xhtml+xml,application/xml;q=0.9,*/*;q=0.8
  USER-AGENT: Mozilla/5.0 (Windows NT 6.1; WOW64; rv:19.0) Gecko/20100101 Firefox/19.0
  ACCEPT-LANGUAGE: en-gb,en;q=0.5
  DNT: 1
  ACCEPT-ENCODING: gzip, deflate
[03/Apr/2013:16:11:03] HTTP Traceback (most recent call last):
  File "C:\Python27\lib\site-packages\cherrypy\_cprequest.py", line 656, in respond
    response.body = self.handler()
  File "C:\Python27\lib\site-packages\cherrypy\_cpdispatch.py", line 34, in __call__
    return self.callable(*self.args, **self.kwargs)
  File "C:\Users\LAB314\Desktop\Dropbox\College\Web Development and Cloud\Assignment3\dash.py", line 81, in index
    main.root.dash.GET()
NameError: global name 'main' is not defined

[03/Apr/2013:16:44:48] HTTP 
Request Headers:
  REFERER: http://127.0.0.1:8080/
  HOST: 127.0.0.1:8080
  CONNECTION: keep-alive
  Remote-Addr: 127.0.0.1
  ACCEPT: text/html,application/xhtml+xml,application/xml;q=0.9,*/*;q=0.8
  USER-AGENT: Mozilla/5.0 (Windows NT 6.1; WOW64; rv:19.0) Gecko/20100101 Firefox/19.0
  ACCEPT-LANGUAGE: en-gb,en;q=0.5
  DNT: 1
  ACCEPT-ENCODING: gzip, deflate
[03/Apr/2013:16:44:48] HTTP Traceback (most recent call last):
  File "C:\Python27\lib\site-packages\cherrypy\_cprequest.py", line 656, in respond
    response.body = self.handler()
  File "C:\Python27\lib\site-packages\cherrypy\_cpdispatch.py", line 34, in __call__
    return self.callable(*self.args, **self.kwargs)
  File "C:\Users\LAB314\Desktop\Dropbox\College\Web Development and Cloud\Assignment3\dash.py", line 84, in index
    self.response.out.write(html)
AttributeError: 'Dash' object has no attribute 'response'

[03/Apr/2013:17:07:56] HTTP 
Request Headers:
  REFERER: http://127.0.0.1:8080/
  HOST: 127.0.0.1:8080
  CONNECTION: keep-alive
  Remote-Addr: 127.0.0.1
  ACCEPT: text/html,application/xhtml+xml,application/xml;q=0.9,*/*;q=0.8
  USER-AGENT: Mozilla/5.0 (Windows NT 6.1; WOW64; rv:19.0) Gecko/20100101 Firefox/19.0
  ACCEPT-LANGUAGE: en-gb,en;q=0.5
  DNT: 1
  ACCEPT-ENCODING: gzip, deflate
[03/Apr/2013:17:07:56] HTTP Traceback (most recent call last):
  File "C:\Python27\lib\site-packages\cherrypy\_cprequest.py", line 656, in respond
    response.body = self.handler()
  File "C:\Python27\lib\site-packages\cherrypy\_cpdispatch.py", line 34, in __call__
    return self.callable(*self.args, **self.kwargs)
  File "C:\Users\LAB314\Desktop\Dropbox\College\Web Development and Cloud\Assignment3\dash.py", line 81, in index
    return self.GET()
  File "C:\Users\LAB314\Desktop\Dropbox\College\Web Development and Cloud\Assignment3\dash.py", line 75, in GET
    return template.render({'playerTagHeader': self.PlayerTag.GetPlayerTag(),
AttributeError: 'NoneType' object has no attribute 'GetPlayerTag'

[03/Apr/2013:17:10:13] HTTP 
Request Headers:
  REFERER: http://127.0.0.1:8080/
  HOST: 127.0.0.1:8080
  CONNECTION: keep-alive
  Remote-Addr: 127.0.0.1
  ACCEPT: text/html,application/xhtml+xml,application/xml;q=0.9,*/*;q=0.8
  USER-AGENT: Mozilla/5.0 (Windows NT 6.1; WOW64; rv:19.0) Gecko/20100101 Firefox/19.0
  ACCEPT-LANGUAGE: en-gb,en;q=0.5
  DNT: 1
  ACCEPT-ENCODING: gzip, deflate
[03/Apr/2013:17:10:13] HTTP Traceback (most recent call last):
  File "C:\Python27\lib\site-packages\cherrypy\_cprequest.py", line 656, in respond
    response.body = self.handler()
  File "C:\Python27\lib\site-packages\cherrypy\_cpdispatch.py", line 34, in __call__
    return self.callable(*self.args, **self.kwargs)
  File "C:\Users\LAB314\Desktop\Dropbox\College\Web Development and Cloud\Assignment3\dash.py", line 81, in index
    return self.GET()
  File "C:\Users\LAB314\Desktop\Dropbox\College\Web Development and Cloud\Assignment3\dash.py", line 75, in GET
    return template.render({'playerTagHeader': self.PlayerTag.GetPlayerTag(),
AttributeError: 'NoneType' object has no attribute 'GetPlayerTag'

[03/Apr/2013:17:12:08] HTTP 
Request Headers:
  REFERER: http://127.0.0.1:8080/
  HOST: 127.0.0.1:8080
  CONNECTION: keep-alive
  Remote-Addr: 127.0.0.1
  ACCEPT: text/html,application/xhtml+xml,application/xml;q=0.9,*/*;q=0.8
  USER-AGENT: Mozilla/5.0 (Windows NT 6.1; WOW64; rv:19.0) Gecko/20100101 Firefox/19.0
  ACCEPT-LANGUAGE: en-gb,en;q=0.5
  DNT: 1
  ACCEPT-ENCODING: gzip, deflate
[03/Apr/2013:17:12:08] HTTP Traceback (most recent call last):
  File "C:\Python27\lib\site-packages\cherrypy\_cprequest.py", line 656, in respond
    response.body = self.handler()
  File "C:\Python27\lib\site-packages\cherrypy\_cpdispatch.py", line 34, in __call__
    return self.callable(*self.args, **self.kwargs)
  File "C:\Users\LAB314\Desktop\Dropbox\College\Web Development and Cloud\Assignment3\dash.py", line 81, in index
    return self.GET(playerTag)
NameError: global name 'playerTag' is not defined

[03/Apr/2013:17:25:28] HTTP 
Request Headers:
  Content-Length: 32
  REFERER: http://127.0.0.1:8080/
  HOST: 127.0.0.1:8080
  CONNECTION: keep-alive
  Remote-Addr: 127.0.0.1
  ACCEPT: text/html,application/xhtml+xml,application/xml;q=0.9,*/*;q=0.8
  USER-AGENT: Mozilla/5.0 (Windows NT 6.1; WOW64; rv:19.0) Gecko/20100101 Firefox/19.0
  ACCEPT-LANGUAGE: en-gb,en;q=0.5
  DNT: 1
  Content-Type: application/x-www-form-urlencoded
  ACCEPT-ENCODING: gzip, deflate
[03/Apr/2013:17:25:28] HTTP Traceback (most recent call last):
  File "C:\Python27\lib\site-packages\cherrypy\_cprequest.py", line 656, in respond
    response.body = self.handler()
  File "C:\Python27\lib\site-packages\cherrypy\_cpdispatch.py", line 34, in __call__
    return self.callable(*self.args, **self.kwargs)
  File "C:\Users\LAB314\Desktop\Dropbox\College\Web Development and Cloud\Assignment3\dash.py", line 87, in index
    return self.POST(playerName, page)
  File "C:\Users\LAB314\Desktop\Dropbox\College\Web Development and Cloud\Assignment3\dash.py", line 28, in POST
    friends = connection.GetFriends(playerTag)
  File "C:\Users\LAB314\Desktop\Dropbox\College\Web Development and Cloud\Assignment3\functions.py", line 31, in GetFriends
    player = model.PlayerTag(self.playerTags.find({'PlayerTag' : playerTag.PlayerTag}))
AttributeError: 'unicode' object has no attribute 'PlayerTag'

[03/Apr/2013:17:39:57] HTTP 
Request Headers:
  Content-Length: 32
  REFERER: http://127.0.0.1:8080/
  HOST: 127.0.0.1:8080
  CONNECTION: keep-alive
  Remote-Addr: 127.0.0.1
  ACCEPT: text/html,application/xhtml+xml,application/xml;q=0.9,*/*;q=0.8
  USER-AGENT: Mozilla/5.0 (Windows NT 6.1; WOW64; rv:19.0) Gecko/20100101 Firefox/19.0
  ACCEPT-LANGUAGE: en-gb,en;q=0.5
  DNT: 1
  Content-Type: application/x-www-form-urlencoded
  ACCEPT-ENCODING: gzip, deflate
[03/Apr/2013:17:39:57] HTTP Traceback (most recent call last):
  File "C:\Python27\lib\site-packages\cherrypy\_cprequest.py", line 656, in respond
    response.body = self.handler()
  File "C:\Python27\lib\site-packages\cherrypy\_cpdispatch.py", line 34, in __call__
    return self.callable(*self.args, **self.kwargs)
  File "C:\Users\LAB314\Desktop\Dropbox\College\Web Development and Cloud\Assignment3\dash.py", line 85, in index
    return self.POST(playerName, page)
  File "C:\Users\LAB314\Desktop\Dropbox\College\Web Development and Cloud\Assignment3\dash.py", line 36, in POST
    notFriendsWith = connection.NonFriendsList(playerTag)
  File "C:\Users\LAB314\Desktop\Dropbox\College\Web Development and Cloud\Assignment3\functions.py", line 52, in NonFriendsList
    friends = self.GetFriends(playerTag)
  File "C:\Users\LAB314\Desktop\Dropbox\College\Web Development and Cloud\Assignment3\functions.py", line 31, in GetFriends
    player = model.PlayerTag(self.playerTags.find({'PlayerTag' : playerTag.PlayerTag}))
AttributeError: 'unicode' object has no attribute 'PlayerTag'

[03/Apr/2013:17:40:59] HTTP 
Request Headers:
  Content-Length: 32
  REFERER: http://127.0.0.1:8080/
  HOST: 127.0.0.1:8080
  CONNECTION: keep-alive
  Remote-Addr: 127.0.0.1
  ACCEPT: text/html,application/xhtml+xml,application/xml;q=0.9,*/*;q=0.8
  USER-AGENT: Mozilla/5.0 (Windows NT 6.1; WOW64; rv:19.0) Gecko/20100101 Firefox/19.0
  ACCEPT-LANGUAGE: en-gb,en;q=0.5
  DNT: 1
  Content-Type: application/x-www-form-urlencoded
  ACCEPT-ENCODING: gzip, deflate
[03/Apr/2013:17:40:59] HTTP Traceback (most recent call last):
  File "C:\Python27\lib\site-packages\cherrypy\_cprequest.py", line 656, in respond
    response.body = self.handler()
  File "C:\Python27\lib\site-packages\cherrypy\_cpdispatch.py", line 34, in __call__
    return self.callable(*self.args, **self.kwargs)
  File "C:\Users\LAB314\Desktop\Dropbox\College\Web Development and Cloud\Assignment3\dash.py", line 85, in index
    return self.POST(playerName, page)
  File "C:\Users\LAB314\Desktop\Dropbox\College\Web Development and Cloud\Assignment3\dash.py", line 36, in POST
    notFriendsWith = connection.NonFriendsList(playerTagObject)
  File "C:\Users\LAB314\Desktop\Dropbox\College\Web Development and Cloud\Assignment3\functions.py", line 55, in NonFriendsList
    for item in allPlayers:
  File "C:\Python27\lib\site-packages\pymongo\collection.py", line 1408, in next
    raise TypeError("'Collection' object is not iterable")
TypeError: 'Collection' object is not iterable

[03/Apr/2013:19:15:30] HTTP 
Request Headers:
  HOST: 127.0.0.1:8080
  CONNECTION: keep-alive
  Remote-Addr: 127.0.0.1
  ACCEPT: text/html,application/xhtml+xml,application/xml;q=0.9,*/*;q=0.8
  USER-AGENT: Mozilla/5.0 (Windows NT 6.1; WOW64; rv:19.0) Gecko/20100101 Firefox/19.0
  ACCEPT-LANGUAGE: en-gb,en;q=0.5
  DNT: 1
  ACCEPT-ENCODING: gzip, deflate
[03/Apr/2013:19:15:30] HTTP Traceback (most recent call last):
  File "C:\Python27\lib\site-packages\cherrypy\_cprequest.py", line 656, in respond
    response.body = self.handler()
  File "C:\Python27\lib\site-packages\cherrypy\_cpdispatch.py", line 34, in __call__
    return self.callable(*self.args, **self.kwargs)
  File "C:\Users\LAB314\Desktop\Dropbox\College\Web Development and Cloud\Assignment3\main.py", line 64, in index
    return self.GET()
  File "C:\Users\LAB314\Desktop\Dropbox\College\Web Development and Cloud\Assignment3\main.py", line 59, in GET
    return template.render({'the_title': 'Main'})
  File "C:\Program Files (x86)\Google\google_appengine\lib\jinja2\jinja2\environment.py", line 894, in render
    return self.environment.handle_exception(exc_info, True)
  File "templates\main.html", line 1, in top-level template code
    {% extends "templates/base.html" %}
  File "C:\Program Files (x86)\Google\google_appengine\lib\jinja2\jinja2\loaders.py", line 180, in get_source
    raise TemplateNotFound(template)
TemplateNotFound: templates/base.html

[03/Apr/2013:22:49:25] HTTP 
Request Headers:
  Content-Length: 211
  REFERER: http://127.0.0.1:8080/dash/
  HOST: 127.0.0.1:8080
  CONNECTION: keep-alive
  Remote-Addr: 127.0.0.1
  ACCEPT: text/html,application/xhtml+xml,application/xml;q=0.9,*/*;q=0.8
  USER-AGENT: Mozilla/5.0 (Windows NT 6.1; WOW64; rv:19.0) Gecko/20100101 Firefox/19.0
  ACCEPT-LANGUAGE: en-gb,en;q=0.5
  DNT: 1
  Content-Type: application/x-www-form-urlencoded
  ACCEPT-ENCODING: gzip, deflate
[03/Apr/2013:22:49:25] HTTP Traceback (most recent call last):
  File "C:\Python27\lib\site-packages\cherrypy\_cprequest.py", line 656, in respond
    response.body = self.handler()
  File "C:\Python27\lib\site-packages\cherrypy\_cpdispatch.py", line 34, in __call__
    return self.callable(*self.args, **self.kwargs)
  File "C:\Users\LAB314\Desktop\Dropbox\College\Web Development and Cloud\Assignment3\friendRequest.py", line 115, in index
    return self.POST(playerName, selectedTag)
AttributeError: 'FriendRequest' object has no attribute 'POST'

[03/Apr/2013:22:51:14] HTTP 
Request Headers:
  Content-Length: 211
  REFERER: http://127.0.0.1:8080/dash/
  HOST: 127.0.0.1:8080
  CONNECTION: keep-alive
  Remote-Addr: 127.0.0.1
  ACCEPT: text/html,application/xhtml+xml,application/xml;q=0.9,*/*;q=0.8
  USER-AGENT: Mozilla/5.0 (Windows NT 6.1; WOW64; rv:19.0) Gecko/20100101 Firefox/19.0
  ACCEPT-LANGUAGE: en-gb,en;q=0.5
  DNT: 1
  Content-Type: application/x-www-form-urlencoded
  ACCEPT-ENCODING: gzip, deflate
[03/Apr/2013:22:51:14] HTTP Traceback (most recent call last):
  File "C:\Python27\lib\site-packages\cherrypy\_cprequest.py", line 656, in respond
    response.body = self.handler()
  File "C:\Python27\lib\site-packages\cherrypy\_cpdispatch.py", line 34, in __call__
    return self.callable(*self.args, **self.kwargs)
  File "C:\Users\LAB314\Desktop\Dropbox\College\Web Development and Cloud\Assignment3\friendRequest.py", line 116, in index
    return self.POST(playerName, selectedTag)
  File "C:\Users\LAB314\Desktop\Dropbox\College\Web Development and Cloud\Assignment3\friendRequest.py", line 40, in POST
    print('QNeq '+str(queryNew.count()))
  File "C:\Python27\lib\site-packages\pymongo\cursor.py", line 566, in count
    **command)
  File "C:\Python27\lib\site-packages\pymongo\database.py", line 388, in command
    result = self["$cmd"].find_one(command, **extra_opts)
  File "C:\Python27\lib\site-packages\pymongo\collection.py", line 596, in find_one
    for result in self.find(spec_or_id, *args, **kwargs).limit(-1):
  File "C:\Python27\lib\site-packages\pymongo\cursor.py", line 814, in next
    if len(self.__data) or self._refresh():
  File "C:\Python27\lib\site-packages\pymongo\cursor.py", line 763, in _refresh
    self.__uuid_subtype))
InvalidDocument: Cannot encode object: <model.PlayerTag object at 0x034DDEB0>

[03/Apr/2013:22:53:53] HTTP 
Request Headers:
  Content-Length: 211
  REFERER: http://127.0.0.1:8080/dash/
  HOST: 127.0.0.1:8080
  CONNECTION: keep-alive
  Remote-Addr: 127.0.0.1
  ACCEPT: text/html,application/xhtml+xml,application/xml;q=0.9,*/*;q=0.8
  USER-AGENT: Mozilla/5.0 (Windows NT 6.1; WOW64; rv:19.0) Gecko/20100101 Firefox/19.0
  ACCEPT-LANGUAGE: en-gb,en;q=0.5
  DNT: 1
  Content-Type: application/x-www-form-urlencoded
  ACCEPT-ENCODING: gzip, deflate
[03/Apr/2013:22:53:53] HTTP Traceback (most recent call last):
  File "C:\Python27\lib\site-packages\cherrypy\_cprequest.py", line 656, in respond
    response.body = self.handler()
  File "C:\Python27\lib\site-packages\cherrypy\_cpdispatch.py", line 34, in __call__
    return self.callable(*self.args, **self.kwargs)
  File "C:\Users\LAB314\Desktop\Dropbox\College\Web Development and Cloud\Assignment3\friendRequest.py", line 117, in index
    return self.POST(playerName, selectedTag)
  File "C:\Users\LAB314\Desktop\Dropbox\College\Web Development and Cloud\Assignment3\friendRequest.py", line 41, in POST
    print('QNeq '+str(queryNew.count()))
  File "C:\Python27\lib\site-packages\pymongo\cursor.py", line 566, in count
    **command)
  File "C:\Python27\lib\site-packages\pymongo\database.py", line 388, in command
    result = self["$cmd"].find_one(command, **extra_opts)
  File "C:\Python27\lib\site-packages\pymongo\collection.py", line 596, in find_one
    for result in self.find(spec_or_id, *args, **kwargs).limit(-1):
  File "C:\Python27\lib\site-packages\pymongo\cursor.py", line 814, in next
    if len(self.__data) or self._refresh():
  File "C:\Python27\lib\site-packages\pymongo\cursor.py", line 763, in _refresh
    self.__uuid_subtype))
InvalidDocument: Cannot encode object: <model.PlayerTag object at 0x036B3EF0>

[03/Apr/2013:22:56:59] HTTP 
Request Headers:
  Content-Length: 211
  REFERER: http://127.0.0.1:8080/dash/
  HOST: 127.0.0.1:8080
  CONNECTION: keep-alive
  Remote-Addr: 127.0.0.1
  ACCEPT: text/html,application/xhtml+xml,application/xml;q=0.9,*/*;q=0.8
  USER-AGENT: Mozilla/5.0 (Windows NT 6.1; WOW64; rv:19.0) Gecko/20100101 Firefox/19.0
  ACCEPT-LANGUAGE: en-gb,en;q=0.5
  DNT: 1
  Content-Type: application/x-www-form-urlencoded
  ACCEPT-ENCODING: gzip, deflate
[03/Apr/2013:22:56:59] HTTP Traceback (most recent call last):
  File "C:\Python27\lib\site-packages\cherrypy\_cprequest.py", line 656, in respond
    response.body = self.handler()
  File "C:\Python27\lib\site-packages\cherrypy\_cpdispatch.py", line 34, in __call__
    return self.callable(*self.args, **self.kwargs)
  File "C:\Users\LAB314\Desktop\Dropbox\College\Web Development and Cloud\Assignment3\friendRequest.py", line 117, in index
    return self.POST(playerName, selectedTag)
  File "C:\Users\LAB314\Desktop\Dropbox\College\Web Development and Cloud\Assignment3\friendRequest.py", line 81, in POST
    self.response.out.write(html)
AttributeError: 'FriendRequest' object has no attribute 'response'

[03/Apr/2013:23:51:30] HTTP 
Request Headers:
  Content-Length: 210
  REFERER: http://127.0.0.1:8080/dash/
  HOST: 127.0.0.1:8080
  CONNECTION: keep-alive
  Remote-Addr: 127.0.0.1
  ACCEPT: text/html,application/xhtml+xml,application/xml;q=0.9,*/*;q=0.8
  USER-AGENT: Mozilla/5.0 (Windows NT 6.1; WOW64; rv:19.0) Gecko/20100101 Firefox/19.0
  ACCEPT-LANGUAGE: en-gb,en;q=0.5
  DNT: 1
  Content-Type: application/x-www-form-urlencoded
  ACCEPT-ENCODING: gzip, deflate
[03/Apr/2013:23:51:30] HTTP Traceback (most recent call last):
  File "C:\Python27\lib\site-packages\cherrypy\_cprequest.py", line 656, in respond
    response.body = self.handler()
  File "C:\Python27\lib\site-packages\cherrypy\_cpdispatch.py", line 34, in __call__
    return self.callable(*self.args, **self.kwargs)
  File "C:\Users\LAB314\Desktop\Dropbox\College\Web Development and Cloud\Assignment3\friendRequest.py", line 121, in index
    return self.POST(playerName, selectedTag)
  File "C:\Users\LAB314\Desktop\Dropbox\College\Web Development and Cloud\Assignment3\friendRequest.py", line 79, in POST
    new_Request.fromTag = None
UnboundLocalError: local variable 'new_Request' referenced before assignment

[03/Apr/2013:23:52:12] HTTP 
Request Headers:
  Content-Length: 210
  REFERER: http://127.0.0.1:8080/dash/
  HOST: 127.0.0.1:8080
  CONNECTION: keep-alive
  Remote-Addr: 127.0.0.1
  ACCEPT: text/html,application/xhtml+xml,application/xml;q=0.9,*/*;q=0.8
  USER-AGENT: Mozilla/5.0 (Windows NT 6.1; WOW64; rv:19.0) Gecko/20100101 Firefox/19.0
  ACCEPT-LANGUAGE: en-gb,en;q=0.5
  DNT: 1
  Content-Type: application/x-www-form-urlencoded
  ACCEPT-ENCODING: gzip, deflate
[03/Apr/2013:23:52:12] HTTP Traceback (most recent call last):
  File "C:\Python27\lib\site-packages\cherrypy\_cprequest.py", line 656, in respond
    response.body = self.handler()
  File "C:\Python27\lib\site-packages\cherrypy\_cpdispatch.py", line 34, in __call__
    return self.callable(*self.args, **self.kwargs)
  File "C:\Users\LAB314\Desktop\Dropbox\College\Web Development and Cloud\Assignment3\friendRequest.py", line 121, in index
    return self.POST(playerName, selectedTag)
  File "C:\Users\LAB314\Desktop\Dropbox\College\Web Development and Cloud\Assignment3\friendRequest.py", line 79, in POST
    new_Request.fromTag = None
UnboundLocalError: local variable 'new_Request' referenced before assignment

[03/Apr/2013:23:55:32] HTTP 
Request Headers:
  Content-Length: 211
  REFERER: http://127.0.0.1:8080/dash/
  HOST: 127.0.0.1:8080
  CONNECTION: keep-alive
  Remote-Addr: 127.0.0.1
  ACCEPT: text/html,application/xhtml+xml,application/xml;q=0.9,*/*;q=0.8
  USER-AGENT: Mozilla/5.0 (Windows NT 6.1; WOW64; rv:19.0) Gecko/20100101 Firefox/19.0
  ACCEPT-LANGUAGE: en-gb,en;q=0.5
  DNT: 1
  Content-Type: application/x-www-form-urlencoded
  ACCEPT-ENCODING: gzip, deflate
[03/Apr/2013:23:55:32] HTTP Traceback (most recent call last):
  File "C:\Python27\lib\site-packages\cherrypy\_cprequest.py", line 656, in respond
    response.body = self.handler()
  File "C:\Python27\lib\site-packages\cherrypy\_cpdispatch.py", line 34, in __call__
    return self.callable(*self.args, **self.kwargs)
  File "C:\Users\LAB314\Desktop\Dropbox\College\Web Development and Cloud\Assignment3\friendRequest.py", line 123, in index
    return self.POST(playerName, selectedTag)
  File "C:\Users\LAB314\Desktop\Dropbox\College\Web Development and Cloud\Assignment3\friendRequest.py", line 81, in POST
    new_Request.fromTag = None
UnboundLocalError: local variable 'new_Request' referenced before assignment

[03/Apr/2013:23:58:31] HTTP 
Request Headers:
  Content-Length: 31
  REFERER: http://127.0.0.1:8080/dash/
  HOST: 127.0.0.1:8080
  CONNECTION: keep-alive
  Remote-Addr: 127.0.0.1
  ACCEPT: text/html,application/xhtml+xml,application/xml;q=0.9,*/*;q=0.8
  USER-AGENT: Mozilla/5.0 (Windows NT 6.1; WOW64; rv:19.0) Gecko/20100101 Firefox/19.0
  ACCEPT-LANGUAGE: en-gb,en;q=0.5
  DNT: 1
  Content-Type: application/x-www-form-urlencoded
  ACCEPT-ENCODING: gzip, deflate
[03/Apr/2013:23:58:31] HTTP Traceback (most recent call last):
  File "C:\Python27\lib\site-packages\cherrypy\_cprequest.py", line 656, in respond
    response.body = self.handler()
  File "C:\Python27\lib\site-packages\cherrypy\_cpdispatch.py", line 34, in __call__
    return self.callable(*self.args, **self.kwargs)
  File "C:\Users\LAB314\Desktop\Dropbox\College\Web Development and Cloud\Assignment3\friendRequest.py", line 124, in index
    return self.POST(playerName, selectedTag)
  File "C:\Users\LAB314\Desktop\Dropbox\College\Web Development and Cloud\Assignment3\friendRequest.py", line 82, in POST
    new_Request.fromTag = None
UnboundLocalError: local variable 'new_Request' referenced before assignment

[04/Apr/2013:04:54:58] HTTP 
Request Headers:
  Content-Length: 48
  REFERER: http://127.0.0.1:8080/dash/
  HOST: 127.0.0.1:8080
  CONNECTION: keep-alive
  Remote-Addr: 127.0.0.1
  ACCEPT: text/html,application/xhtml+xml,application/xml;q=0.9,*/*;q=0.8
  USER-AGENT: Mozilla/5.0 (Windows NT 6.1; WOW64; rv:19.0) Gecko/20100101 Firefox/19.0
  ACCEPT-LANGUAGE: en-gb,en;q=0.5
  DNT: 1
  Content-Type: application/x-www-form-urlencoded
  ACCEPT-ENCODING: gzip, deflate
[04/Apr/2013:04:54:58] HTTP Traceback (most recent call last):
  File "C:\Python27\lib\site-packages\cherrypy\_cprequest.py", line 656, in respond
    response.body = self.handler()
  File "C:\Python27\lib\site-packages\cherrypy\_cpdispatch.py", line 34, in __call__
    return self.callable(*self.args, **self.kwargs)
  File "C:\Users\LAB314\Desktop\Dropbox\College\Web Development and Cloud\Assignment3\pendingRequest.py", line 103, in index
    return self.POST(playerName, requestPending, button)
AttributeError: 'PendingRequest' object has no attribute 'POST'

[04/Apr/2013:05:33:30] HTTP 
Request Headers:
  Content-Length: 48
  REFERER: http://127.0.0.1:8080/dash/
  HOST: 127.0.0.1:8080
  CONNECTION: keep-alive
  Remote-Addr: 127.0.0.1
  ACCEPT: text/html,application/xhtml+xml,application/xml;q=0.9,*/*;q=0.8
  USER-AGENT: Mozilla/5.0 (Windows NT 6.1; WOW64; rv:19.0) Gecko/20100101 Firefox/19.0
  ACCEPT-LANGUAGE: en-gb,en;q=0.5
  DNT: 1
  Content-Type: application/x-www-form-urlencoded
  ACCEPT-ENCODING: gzip, deflate
[04/Apr/2013:05:33:30] HTTP Traceback (most recent call last):
  File "C:\Python27\lib\site-packages\cherrypy\_cprequest.py", line 656, in respond
    response.body = self.handler()
  File "C:\Python27\lib\site-packages\cherrypy\_cpdispatch.py", line 34, in __call__
    return self.callable(*self.args, **self.kwargs)
  File "C:\Users\LAB314\Desktop\Dropbox\College\Web Development and Cloud\Assignment3\pendingRequest.py", line 106, in index
    return self.POST(playerName, requestPending, button)
  File "C:\Users\LAB314\Desktop\Dropbox\College\Web Development and Cloud\Assignment3\pendingRequest.py", line 65, in POST
    requestPendingList =connection.GetRequestPendingFor(playerTagObject)
  File "C:\Users\LAB314\Desktop\Dropbox\College\Web Development and Cloud\Assignment3\functions.py", line 92, in GetRequestPendingFor
    for request in self.friendsRequests.find({'ToTag' : playerTag.PlayerTag,
AttributeError: 'Cursor' object has no attribute 'PlayerTag'

[04/Apr/2013:05:41:01] HTTP 
Request Headers:
  Content-Length: 48
  REFERER: http://127.0.0.1:8080/dash/
  HOST: 127.0.0.1:8080
  CONNECTION: keep-alive
  Remote-Addr: 127.0.0.1
  ACCEPT: text/html,application/xhtml+xml,application/xml;q=0.9,*/*;q=0.8
  USER-AGENT: Mozilla/5.0 (Windows NT 6.1; WOW64; rv:19.0) Gecko/20100101 Firefox/19.0
  ACCEPT-LANGUAGE: en-gb,en;q=0.5
  DNT: 1
  Content-Type: application/x-www-form-urlencoded
  ACCEPT-ENCODING: gzip, deflate
[04/Apr/2013:05:41:01] HTTP Traceback (most recent call last):
  File "C:\Python27\lib\site-packages\cherrypy\_cprequest.py", line 656, in respond
    response.body = self.handler()
  File "C:\Python27\lib\site-packages\cherrypy\_cpdispatch.py", line 34, in __call__
    return self.callable(*self.args, **self.kwargs)
  File "C:\Users\LAB314\Desktop\Dropbox\College\Web Development and Cloud\Assignment3\pendingRequest.py", line 108, in index
    return self.POST(playerName, requestPending, button)
  File "C:\Users\LAB314\Desktop\Dropbox\College\Web Development and Cloud\Assignment3\pendingRequest.py", line 67, in POST
    requestPendingList =connection.GetRequestPendingFor(playerTagObject)
  File "C:\Users\LAB314\Desktop\Dropbox\College\Web Development and Cloud\Assignment3\functions.py", line 91, in GetRequestPendingFor
    for request in self.friendsRequests.find({'ToTag' : playerTag.PlayerTag,
AttributeError: 'dict' object has no attribute 'PlayerTag'

[04/Apr/2013:05:44:09] HTTP 
Request Headers:
  Content-Length: 48
  REFERER: http://127.0.0.1:8080/dash/
  HOST: 127.0.0.1:8080
  CONNECTION: keep-alive
  Remote-Addr: 127.0.0.1
  ACCEPT: text/html,application/xhtml+xml,application/xml;q=0.9,*/*;q=0.8
  USER-AGENT: Mozilla/5.0 (Windows NT 6.1; WOW64; rv:19.0) Gecko/20100101 Firefox/19.0
  ACCEPT-LANGUAGE: en-gb,en;q=0.5
  DNT: 1
  Content-Type: application/x-www-form-urlencoded
  ACCEPT-ENCODING: gzip, deflate
[04/Apr/2013:05:44:09] HTTP Traceback (most recent call last):
  File "C:\Python27\lib\site-packages\cherrypy\_cprequest.py", line 656, in respond
    response.body = self.handler()
  File "C:\Python27\lib\site-packages\cherrypy\_cpdispatch.py", line 34, in __call__
    return self.callable(*self.args, **self.kwargs)
  File "C:\Users\LAB314\Desktop\Dropbox\College\Web Development and Cloud\Assignment3\pendingRequest.py", line 106, in index
    return self.POST(playerName, requestPending, button)
  File "C:\Users\LAB314\Desktop\Dropbox\College\Web Development and Cloud\Assignment3\pendingRequest.py", line 65, in POST
    requestPendingList =connection.GetRequestPendingFor(playerTagObject)
  File "C:\Users\LAB314\Desktop\Dropbox\College\Web Development and Cloud\Assignment3\functions.py", line 91, in GetRequestPendingFor
    for request in self.friendsRequests.find({'ToTag' : playerTag.PlayerTag,
AttributeError: 'dict' object has no attribute 'PlayerTag'

[06/Apr/2013:21:30:24] HTTP 
Request Headers:
  Content-Length: 46
  REFERER: http://127.0.0.1:8080/teams/
  HOST: 127.0.0.1:8080
  CONNECTION: keep-alive
  Remote-Addr: 127.0.0.1
  ACCEPT: text/html,application/xhtml+xml,application/xml;q=0.9,*/*;q=0.8
  USER-AGENT: Mozilla/5.0 (Windows NT 6.1; WOW64; rv:19.0) Gecko/20100101 Firefox/19.0
  ACCEPT-LANGUAGE: en-gb,en;q=0.5
  DNT: 1
  Content-Type: application/x-www-form-urlencoded
  ACCEPT-ENCODING: gzip, deflate
[06/Apr/2013:21:30:24] HTTP Traceback (most recent call last):
  File "C:\Python27\lib\site-packages\cherrypy\_cprequest.py", line 656, in respond
    response.body = self.handler()
  File "C:\Python27\lib\site-packages\cherrypy\_cpdispatch.py", line 34, in __call__
    return self.callable(*self.args, **self.kwargs)
  File "C:\Users\LAB314\Desktop\Dropbox\College\Web Development and Cloud\Assignment3\manageateam.py", line 88, in index
    return self.POST(playerName, currentTeam, selectedMember)
  File "C:\Users\LAB314\Desktop\Dropbox\College\Web Development and Cloud\Assignment3\manageateam.py", line 56, in POST
    teamDB['Members'].remove(selectedMember)
AttributeError: 'unicode' object has no attribute 'remove'

[06/Apr/2013:21:59:37] HTTP 
Request Headers:
  Content-Length: 46
  REFERER: http://127.0.0.1:8080/teams/
  HOST: 127.0.0.1:8080
  CONNECTION: keep-alive
  Remote-Addr: 127.0.0.1
  ACCEPT: text/html,application/xhtml+xml,application/xml;q=0.9,*/*;q=0.8
  USER-AGENT: Mozilla/5.0 (Windows NT 6.1; WOW64; rv:19.0) Gecko/20100101 Firefox/19.0
  ACCEPT-LANGUAGE: en-gb,en;q=0.5
  DNT: 1
  Content-Type: application/x-www-form-urlencoded
  ACCEPT-ENCODING: gzip, deflate
[06/Apr/2013:21:59:37] HTTP Traceback (most recent call last):
  File "C:\Python27\lib\site-packages\cherrypy\_cprequest.py", line 656, in respond
    response.body = self.handler()
  File "C:\Python27\lib\site-packages\cherrypy\_cpdispatch.py", line 34, in __call__
    return self.callable(*self.args, **self.kwargs)
  File "C:\Users\LAB314\Desktop\Dropbox\College\Web Development and Cloud\Assignment3\manageateam.py", line 94, in index
    return self.POST(playerName, currentTeam, selectedMember)
  File "C:\Users\LAB314\Desktop\Dropbox\College\Web Development and Cloud\Assignment3\manageateam.py", line 74, in POST
    self.response.out.write(html)
AttributeError: 'ManageATeam' object has no attribute 'response'

[12/Apr/2013:11:13:08]  Traceback (most recent call last):
  File "C:\Python27\lib\site-packages\cherrypy\_cprequest.py", line 102, in run
    hook()
  File "C:\Python27\lib\site-packages\cherrypy\_cprequest.py", line 62, in __call__
    return self.callback(**self.kwargs)
  File "C:\Python27\lib\site-packages\cherrypy\lib\sessions.py", line 781, in init
    storage_class.setup(**kwargs)
  File "C:\Python27\lib\site-packages\cherrypy\lib\sessions.py", line 414, in setup
    lockfiles = [fname for fname in os.listdir(cls.storage_path)
WindowsError: [Error 3] The system cannot find the path specified: 'C:\\Users\\LAB314\\Desktop\\Dropbox\\College\\Web Development and Cloud\\Assignment3\\logs\\sessions/*.*'

[12/Apr/2013:11:13:08] HTTP 
Request Headers:
  HOST: 127.0.0.1:8080
  CONNECTION: keep-alive
  Remote-Addr: 127.0.0.1
  ACCEPT: text/html,application/xhtml+xml,application/xml;q=0.9,*/*;q=0.8
  USER-AGENT: Mozilla/5.0 (Windows NT 6.1; WOW64; rv:20.0) Gecko/20100101 Firefox/20.0
  ACCEPT-LANGUAGE: en-gb,en;q=0.5
  DNT: 1
  ACCEPT-ENCODING: gzip, deflate
[12/Apr/2013:11:13:08] HTTP Traceback (most recent call last):
  File "C:\Python27\lib\site-packages\cherrypy\_cprequest.py", line 647, in respond
    self.hooks.run('before_request_body')
  File "C:\Python27\lib\site-packages\cherrypy\_cprequest.py", line 112, in run
    raise exc
WindowsError: [Error 3] The system cannot find the path specified: 'C:\\Users\\LAB314\\Desktop\\Dropbox\\College\\Web Development and Cloud\\Assignment3\\logs\\sessions/*.*'

[12/Apr/2013:11:13:34]  Traceback (most recent call last):
  File "C:\Python27\lib\site-packages\cherrypy\_cprequest.py", line 102, in run
    hook()
  File "C:\Python27\lib\site-packages\cherrypy\_cprequest.py", line 62, in __call__
    return self.callback(**self.kwargs)
  File "C:\Python27\lib\site-packages\cherrypy\lib\sessions.py", line 781, in init
    storage_class.setup(**kwargs)
  File "C:\Python27\lib\site-packages\cherrypy\lib\sessions.py", line 408, in setup
    kwargs['storage_path'] = os.path.abspath(kwargs['storage_path'])
KeyError: 'storage_path'

[12/Apr/2013:11:13:34] HTTP 
Request Headers:
  HOST: 127.0.0.1:8080
  CONNECTION: keep-alive
  Remote-Addr: 127.0.0.1
  ACCEPT: text/html,application/xhtml+xml,application/xml;q=0.9,*/*;q=0.8
  USER-AGENT: Mozilla/5.0 (Windows NT 6.1; WOW64; rv:20.0) Gecko/20100101 Firefox/20.0
  ACCEPT-LANGUAGE: en-gb,en;q=0.5
  DNT: 1
  ACCEPT-ENCODING: gzip, deflate
[12/Apr/2013:11:13:34] HTTP Traceback (most recent call last):
  File "C:\Python27\lib\site-packages\cherrypy\_cprequest.py", line 647, in respond
    self.hooks.run('before_request_body')
  File "C:\Python27\lib\site-packages\cherrypy\_cprequest.py", line 112, in run
    raise exc
KeyError: 'storage_path'

[12/Apr/2013:12:38:43] HTTP 
Request Headers:
  Content-Length: 32
  REFERER: http://127.0.0.1:8080/
  HOST: 127.0.0.1:8080
  CONNECTION: keep-alive
  Remote-Addr: 127.0.0.1
  ACCEPT: text/html,application/xhtml+xml,application/xml;q=0.9,*/*;q=0.8
  USER-AGENT: Mozilla/5.0 (Windows NT 6.1; WOW64; rv:20.0) Gecko/20100101 Firefox/20.0
  COOKIE: session_id=b7f3c8171e810370d64fba71ca150dccd5c510fc
  ACCEPT-LANGUAGE: en-gb,en;q=0.5
  DNT: 1
  Content-Type: application/x-www-form-urlencoded
  ACCEPT-ENCODING: gzip, deflate
[12/Apr/2013:12:38:43] HTTP Traceback (most recent call last):
  File "C:\Python27\lib\site-packages\cherrypy\_cprequest.py", line 656, in respond
    response.body = self.handler()
  File "C:\Python27\lib\site-packages\cherrypy\_cpdispatch.py", line 34, in __call__
    return self.callable(*self.args, **self.kwargs)
  File "C:\Users\LAB314\Desktop\Dropbox\College\Web Development and Cloud\Assignment3\dash.py", line 102, in index
    return self.POST(page)
  File "C:\Users\LAB314\Desktop\Dropbox\College\Web Development and Cloud\Assignment3\dash.py", line 79, in POST
    'friends' : friends,
UnboundLocalError: local variable 'friends' referenced before assignment

[12/Apr/2013:12:41:35] HTTP 
Request Headers:
  Content-Length: 32
  REFERER: http://127.0.0.1:8080/
  HOST: 127.0.0.1:8080
  CONNECTION: keep-alive
  Remote-Addr: 127.0.0.1
  ACCEPT: text/html,application/xhtml+xml,application/xml;q=0.9,*/*;q=0.8
  USER-AGENT: Mozilla/5.0 (Windows NT 6.1; WOW64; rv:20.0) Gecko/20100101 Firefox/20.0
  COOKIE: session_id=24ee1fdc5fcea95b413889d16a7ce82462fb094f
  ACCEPT-LANGUAGE: en-gb,en;q=0.5
  DNT: 1
  Content-Type: application/x-www-form-urlencoded
  ACCEPT-ENCODING: gzip, deflate
[12/Apr/2013:12:41:35] HTTP Traceback (most recent call last):
  File "C:\Python27\lib\site-packages\cherrypy\_cprequest.py", line 656, in respond
    response.body = self.handler()
  File "C:\Python27\lib\site-packages\cherrypy\_cpdispatch.py", line 34, in __call__
    return self.callable(*self.args, **self.kwargs)
  File "C:\Users\LAB314\Desktop\Dropbox\College\Web Development and Cloud\Assignment3\dash.py", line 103, in index
    return self.POST(page)
  File "C:\Users\LAB314\Desktop\Dropbox\College\Web Development and Cloud\Assignment3\dash.py", line 79, in POST
    'friends' : friends,
UnboundLocalError: local variable 'friends' referenced before assignment

[12/Apr/2013:14:14:59] HTTP 
Request Headers:
  Content-Length: 24
  REFERER: http://127.0.0.1:8080/
  HOST: 127.0.0.1:8080
  CONNECTION: keep-alive
  Remote-Addr: 127.0.0.1
  ACCEPT: text/html,application/xhtml+xml,application/xml;q=0.9,*/*;q=0.8
  USER-AGENT: Mozilla/5.0 (Windows NT 6.1; WOW64; rv:20.0) Gecko/20100101 Firefox/20.0
  COOKIE: session_id=a0c35c64aec1b32889bd8432904357f7bcd9e8c8
  ACCEPT-LANGUAGE: en-gb,en;q=0.5
  DNT: 1
  Content-Type: application/x-www-form-urlencoded
  ACCEPT-ENCODING: gzip, deflate
[12/Apr/2013:14:14:59] HTTP Traceback (most recent call last):
  File "C:\Python27\lib\site-packages\cherrypy\_cprequest.py", line 661, in respond
    response.finalize()
  File "C:\Python27\lib\site-packages\cherrypy\_cprequest.py", line 927, in finalize
    content = self.collapse_body()
  File "C:\Python27\lib\site-packages\cherrypy\_cprequest.py", line 894, in collapse_body
    newbody = ntob('').join(newbody)
TypeError: sequence item 0: expected string, list found

[13/Apr/2013:01:06:59] HTTP 
Request Headers:
  REFERER: http://127.0.0.1:8080/teams/
  HOST: 127.0.0.1:8080
  CONNECTION: keep-alive
  Remote-Addr: 127.0.0.1
  ACCEPT: text/html,application/xhtml+xml,application/xml;q=0.9,*/*;q=0.8
  USER-AGENT: Mozilla/5.0 (Windows NT 6.1; WOW64; rv:20.0) Gecko/20100101 Firefox/20.0
  COOKIE: session_id=5753afc927040f6c25963df0f6516effa928fc85
  ACCEPT-LANGUAGE: en-gb,en;q=0.5
  DNT: 1
  ACCEPT-ENCODING: gzip, deflate
[13/Apr/2013:01:06:59] HTTP Traceback (most recent call last):
  File "C:\Python27\lib\site-packages\cherrypy\_cprequest.py", line 656, in respond
    response.body = self.handler()
  File "C:\Python27\lib\site-packages\cherrypy\_cpdispatch.py", line 34, in __call__
    return self.callable(*self.args, **self.kwargs)
  File "C:\Users\LAB314\Desktop\Dropbox\College\Web Development and Cloud\Assignment3\joinateam.py", line 75, in index
    return self.GET(playerName)
  File "C:\Users\LAB314\Desktop\Dropbox\College\Web Development and Cloud\Assignment3\joinateam.py", line 61, in GET
    for team in temp['TeamName']:
  File "C:\Python27\lib\site-packages\pymongo\collection.py", line 1408, in next
    raise TypeError("'Collection' object is not iterable")
TypeError: 'Collection' object is not iterable

[13/Apr/2013:01:35:08] HTTP 
Request Headers:
  REFERER: http://127.0.0.1:8080/teams/
  HOST: 127.0.0.1:8080
  CONNECTION: keep-alive
  Remote-Addr: 127.0.0.1
  ACCEPT: text/html,application/xhtml+xml,application/xml;q=0.9,*/*;q=0.8
  USER-AGENT: Mozilla/5.0 (Windows NT 6.1; WOW64; rv:20.0) Gecko/20100101 Firefox/20.0
  COOKIE: session_id=4cc04a8b869cb414e92147cc8e936c61dd112a09
  ACCEPT-LANGUAGE: en-gb,en;q=0.5
  DNT: 1
  ACCEPT-ENCODING: gzip, deflate
[13/Apr/2013:01:35:08] HTTP Traceback (most recent call last):
  File "C:\Python27\lib\site-packages\cherrypy\_cprequest.py", line 656, in respond
    response.body = self.handler()
  File "C:\Python27\lib\site-packages\cherrypy\_cpdispatch.py", line 34, in __call__
    return self.callable(*self.args, **self.kwargs)
  File "C:\Users\LAB314\Desktop\Dropbox\College\Web Development and Cloud\Assignment3\manageateam.py", line 93, in index
    return self.GET(playerName, currentTeam)
  File "C:\Users\LAB314\Desktop\Dropbox\College\Web Development and Cloud\Assignment3\manageateam.py", line 86, in GET
    'members' : teamDB['Members']})
TypeError: 'NoneType' object has no attribute '__getitem__'

[13/Apr/2013:01:43:47] HTTP 
Request Headers:
  REFERER: http://127.0.0.1:8080/teams/
  HOST: 127.0.0.1:8080
  CONNECTION: keep-alive
  Remote-Addr: 127.0.0.1
  ACCEPT: text/html,application/xhtml+xml,application/xml;q=0.9,*/*;q=0.8
  USER-AGENT: Mozilla/5.0 (Windows NT 6.1; WOW64; rv:20.0) Gecko/20100101 Firefox/20.0
  COOKIE: session_id=14afd6c7ce2860bcb61899322730e78c69633d67
  ACCEPT-LANGUAGE: en-gb,en;q=0.5
  DNT: 1
  ACCEPT-ENCODING: gzip, deflate
[13/Apr/2013:01:43:47] HTTP Traceback (most recent call last):
  File "C:\Python27\lib\site-packages\cherrypy\_cprequest.py", line 656, in respond
    response.body = self.handler()
  File "C:\Python27\lib\site-packages\cherrypy\_cpdispatch.py", line 34, in __call__
    return self.callable(*self.args, **self.kwargs)
  File "C:\Users\LAB314\Desktop\Dropbox\College\Web Development and Cloud\Assignment3\manageateam.py", line 110, in index
    return self.GET(playerName, currentTeam,selectedMember)
TypeError: GET() takes exactly 3 arguments (4 given)

[13/Apr/2013:02:12:42] HTTP 
Request Headers:
  Content-Length: 32
  REFERER: http://127.0.0.1:8080/joinateam/
  HOST: 127.0.0.1:8080
  CONNECTION: keep-alive
  Remote-Addr: 127.0.0.1
  ACCEPT: text/html,application/xhtml+xml,application/xml;q=0.9,*/*;q=0.8
  USER-AGENT: Mozilla/5.0 (Windows NT 6.1; WOW64; rv:20.0) Gecko/20100101 Firefox/20.0
  COOKIE: session_id=cab521f7fa552ea958a44fe44c25ad1af49987df
  ACCEPT-LANGUAGE: en-gb,en;q=0.5
  DNT: 1
  Content-Type: application/x-www-form-urlencoded
  ACCEPT-ENCODING: gzip, deflate
[13/Apr/2013:02:12:42] HTTP Traceback (most recent call last):
  File "C:\Python27\lib\site-packages\cherrypy\_cprequest.py", line 656, in respond
    response.body = self.handler()
  File "C:\Python27\lib\site-packages\cherrypy\_cpdispatch.py", line 34, in __call__
    return self.callable(*self.args, **self.kwargs)
  File "C:\Users\LAB314\Desktop\Dropbox\College\Web Development and Cloud\Assignment3\joinateam.py", line 93, in index
    return self.POST(playerName, selectedTeam)
  File "C:\Users\LAB314\Desktop\Dropbox\College\Web Development and Cloud\Assignment3\joinateam.py", line 56, in POST
    teamDB['Members'].append(playerName)
AttributeError: 'unicode' object has no attribute 'append'

[13/Apr/2013:10:24:49] HTTP 
Request Headers:
  Content-Length: 24
  REFERER: http://127.0.0.1:8080/
  HOST: 127.0.0.1:8080
  CONNECTION: keep-alive
  Remote-Addr: 127.0.0.1
  ACCEPT: text/html,application/xhtml+xml,application/xml;q=0.9,*/*;q=0.8
  USER-AGENT: Mozilla/5.0 (Windows NT 6.1; WOW64; rv:20.0) Gecko/20100101 Firefox/20.0
  COOKIE: session_id=8f3e13a755ebdaa99166580ea72e542b8229ac05
  ACCEPT-LANGUAGE: en-gb,en;q=0.5
  DNT: 1
  Content-Type: application/x-www-form-urlencoded
  ACCEPT-ENCODING: gzip, deflate
[13/Apr/2013:10:24:49] HTTP Traceback (most recent call last):
  File "C:\Python27\lib\site-packages\cherrypy\_cprequest.py", line 656, in respond
    response.body = self.handler()
  File "C:\Python27\lib\site-packages\cherrypy\_cpdispatch.py", line 34, in __call__
    return self.callable(*self.args, **self.kwargs)
  File "C:\Users\LAB314\Desktop\Dropbox\College\Web Development and Cloud\Assignment3\main.py", line 77, in index
    return self.POST(playerTag, password)
  File "C:\Users\LAB314\Desktop\Dropbox\College\Web Development and Cloud\Assignment3\main.py", line 59, in POST
    root.friendRequest.PlayerTag = playerTagObject.GetPlayerTag()
AttributeError: 'Root' object has no attribute 'friendRequest'

